app/build/intermediates/manifest_merge_blame_file/debug/manifest-merger-blame-debug-report.txt
1<?xml version="1.0" encoding="utf-8"?>
2<manifest xmlns:android="http://schemas.android.com/apk/res/android"
3    package="easy.tuto.myquizapplication"
4    android:versionCode="1"
5    android:versionName="1.0" >
6
7    <uses-sdk
8        android:minSdkVersion="23"
8-->src\main\AndroidManifest.xml
9        android:targetSdkVersion="32" />
9-->src\main\AndroidManifest.xml
10
11    <uses-permission android:name="android.permission.INTERNET" />
11-->src\main\AndroidManifest.xml:5:5-67
11-->src\main\AndroidManifest.xml:5:22-64
12    <uses-permission android:name="android.permission.READ_EXTERNAL_STORAGE" />
12-->src\main\AndroidManifest.xml:6:5-80
12-->src\main\AndroidManifest.xml:6:22-77
13    <uses-permission android:name="android.permission.ACCESS_NETWORK_STATE" />
13-->[com.google.firebase:firebase-auth:21.1.0] AndroidManifest.xml:24:5-79
13-->[com.google.firebase:firebase-auth:21.1.0] AndroidManifest.xml:24:22-76
14
15    <application
15-->src\main\AndroidManifest.xml:8:5-39:19
16        android:allowBackup="true"
16-->src\main\AndroidManifest.xml:9:9-35
17        android:appComponentFactory="androidx.core.app.CoreComponentFactory"
17-->[androidx.core:core:1.5.0] AndroidManifest.xml:24:18-86
18        android:debuggable="true"
19        android:extractNativeLibs="false"
20        android:icon="@mipmap/ic_launcher"
20-->src\main\AndroidManifest.xml:10:9-43
21        android:label="@string/app_name"
21-->src\main\AndroidManifest.xml:11:9-41
22        android:roundIcon="@mipmap/ic_launcher_round"
22-->src\main\AndroidManifest.xml:12:9-54
23        android:supportsRtl="true"
23-->src\main\AndroidManifest.xml:13:9-35
24        android:testOnly="true"
25        android:theme="@style/Theme.MyQuizApplication" >
25-->src\main\AndroidManifest.xml:14:9-55
26        <activity
26-->src\main\AndroidManifest.xml:15:9-17:40
27            android:name="easy.tuto.myquizapplication.QuizResultActivity"
27-->src\main\AndroidManifest.xml:16:13-47
28            android:exported="false" />
28-->src\main\AndroidManifest.xml:17:13-37
29        <activity
29-->src\main\AndroidManifest.xml:18:9-20:40
30            android:name="easy.tuto.myquizapplication.Register"
30-->src\main\AndroidManifest.xml:19:13-37
31            android:exported="false" />
31-->src\main\AndroidManifest.xml:20:13-37
32        <activity
32-->src\main\AndroidManifest.xml:21:9-29:20
33            android:name="easy.tuto.myquizapplication.Login"
33-->src\main\AndroidManifest.xml:22:13-34
34            android:exported="true" >
34-->src\main\AndroidManifest.xml:23:13-36
35            <intent-filter>
35-->src\main\AndroidManifest.xml:24:13-28:29
36                <action android:name="android.intent.action.MAIN" />
36-->src\main\AndroidManifest.xml:25:17-69
36-->src\main\AndroidManifest.xml:25:25-66
37
38                <category android:name="android.intent.category.LAUNCHER" />
38-->src\main\AndroidManifest.xml:27:17-77
38-->src\main\AndroidManifest.xml:27:27-74
39            </intent-filter>
40        </activity>
41        <activity
41-->src\main\AndroidManifest.xml:30:9-38:20
42            android:name="easy.tuto.myquizapplication.MainActivity"
42-->src\main\AndroidManifest.xml:31:13-41
43            android:exported="true" >
43-->src\main\AndroidManifest.xml:32:13-36
44            <intent-filter>
44-->src\main\AndroidManifest.xml:24:13-28:29
45                <action android:name="android.intent.action.MAIN" />
45-->src\main\AndroidManifest.xml:25:17-69
45-->src\main\AndroidManifest.xml:25:25-66
46
47                <category android:name="android.intent.category.LAUNCHER" />
47-->src\main\AndroidManifest.xml:27:17-77
47-->src\main\AndroidManifest.xml:27:27-74
48            </intent-filter>
49        </activity>
50        <activity
50-->[com.google.firebase:firebase-auth:21.1.0] AndroidManifest.xml:27:9-44:20
51            android:name="com.google.firebase.auth.internal.GenericIdpActivity"
51-->[com.google.firebase:firebase-auth:21.1.0] AndroidManifest.xml:28:13-80
52            android:excludeFromRecents="true"
52-->[com.google.firebase:firebase-auth:21.1.0] AndroidManifest.xml:29:13-46
53            android:exported="true"
53-->[com.google.firebase:firebase-auth:21.1.0] AndroidManifest.xml:30:13-36
54            android:launchMode="singleTask"
54-->[com.google.firebase:firebase-auth:21.1.0] AndroidManifest.xml:31:13-44
55            android:theme="@android:style/Theme.Translucent.NoTitleBar" >
55-->[com.google.firebase:firebase-auth:21.1.0] AndroidManifest.xml:32:13-72
56            <intent-filter>
56-->[com.google.firebase:firebase-auth:21.1.0] AndroidManifest.xml:33:13-43:29
57                <action android:name="android.intent.action.VIEW" />
57-->[com.google.firebase:firebase-auth:21.1.0] AndroidManifest.xml:34:17-69
57-->[com.google.firebase:firebase-auth:21.1.0] AndroidManifest.xml:34:25-66
58
59                <category android:name="android.intent.category.DEFAULT" />
59-->[com.google.firebase:firebase-auth:21.1.0] AndroidManifest.xml:36:17-76
59-->[com.google.firebase:firebase-auth:21.1.0] AndroidManifest.xml:36:27-73
60                <category android:name="android.intent.category.BROWSABLE" />
60-->[com.google.firebase:firebase-auth:21.1.0] AndroidManifest.xml:37:17-78
60-->[com.google.firebase:firebase-auth:21.1.0] AndroidManifest.xml:37:27-75
61
62                <data
62-->[com.google.firebase:firebase-auth:21.1.0] AndroidManifest.xml:39:17-42:51
63                    android:host="firebase.auth"
63-->[com.google.firebase:firebase-auth:21.1.0] AndroidManifest.xml:40:21-49
64                    android:path="/"
64-->[com.google.firebase:firebase-auth:21.1.0] AndroidManifest.xml:41:21-37
65                    android:scheme="genericidp" />
65-->[com.google.firebase:firebase-auth:21.1.0] AndroidManifest.xml:42:21-48
66            </intent-filter>
67        </activity>
68        <activity
68-->[com.google.firebase:firebase-auth:21.1.0] AndroidManifest.xml:45:9-62:20
69            android:name="com.google.firebase.auth.internal.RecaptchaActivity"
69-->[com.google.firebase:firebase-auth:21.1.0] AndroidManifest.xml:46:13-79
70            android:excludeFromRecents="true"
70-->[com.google.firebase:firebase-auth:21.1.0] AndroidManifest.xml:47:13-46
71            android:exported="true"
71-->[com.google.firebase:firebase-auth:21.1.0] AndroidManifest.xml:48:13-36
72            android:launchMode="singleTask"
72-->[com.google.firebase:firebase-auth:21.1.0] AndroidManifest.xml:49:13-44
73            android:theme="@android:style/Theme.Translucent.NoTitleBar" >
73-->[com.google.firebase:firebase-auth:21.1.0] AndroidManifest.xml:50:13-72
74            <intent-filter>
74-->[com.google.firebase:firebase-auth:21.1.0] AndroidManifest.xml:51:13-61:29
75                <action android:name="android.intent.action.VIEW" />
75-->[com.google.firebase:firebase-auth:21.1.0] AndroidManifest.xml:34:17-69
75-->[com.google.firebase:firebase-auth:21.1.0] AndroidManifest.xml:34:25-66
76
77                <category android:name="android.intent.category.DEFAULT" />
77-->[com.google.firebase:firebase-auth:21.1.0] AndroidManifest.xml:36:17-76
77-->[com.google.firebase:firebase-auth:21.1.0] AndroidManifest.xml:36:27-73
78                <category android:name="android.intent.category.BROWSABLE" />
78-->[com.google.firebase:firebase-auth:21.1.0] AndroidManifest.xml:37:17-78
78-->[com.google.firebase:firebase-auth:21.1.0] AndroidManifest.xml:37:27-75
79
80                <data
80-->[com.google.firebase:firebase-auth:21.1.0] AndroidManifest.xml:39:17-42:51
81                    android:host="firebase.auth"
81-->[com.google.firebase:firebase-auth:21.1.0] AndroidManifest.xml:40:21-49
82                    android:path="/"
82-->[com.google.firebase:firebase-auth:21.1.0] AndroidManifest.xml:41:21-37
83                    android:scheme="recaptcha" />
83-->[com.google.firebase:firebase-auth:21.1.0] AndroidManifest.xml:42:21-48
84            </intent-filter>
85        </activity>
86
87        <service
87-->[com.google.firebase:firebase-auth:21.1.0] AndroidManifest.xml:64:9-70:19
88            android:name="com.google.firebase.components.ComponentDiscoveryService"
88-->[com.google.firebase:firebase-auth:21.1.0] AndroidManifest.xml:65:13-84
89            android:directBootAware="true"
89-->[com.google.firebase:firebase-common:20.2.0] AndroidManifest.xml:34:13-43
90            android:exported="false" >
90-->[com.google.firebase:firebase-auth:21.1.0] AndroidManifest.xml:66:13-37
91            <meta-data
91-->[com.google.firebase:firebase-auth:21.1.0] AndroidManifest.xml:67:13-69:85
92                android:name="com.google.firebase.components:com.google.firebase.auth.FirebaseAuthRegistrar"
92-->[com.google.firebase:firebase-auth:21.1.0] AndroidManifest.xml:68:17-109
93                android:value="com.google.firebase.components.ComponentRegistrar" />
93-->[com.google.firebase:firebase-auth:21.1.0] AndroidManifest.xml:69:17-82
94            <meta-data
94-->[com.google.firebase:firebase-database:20.0.4] AndroidManifest.xml:32:13-34:85
95                android:name="com.google.firebase.components:com.google.firebase.database.DatabaseRegistrar"
95-->[com.google.firebase:firebase-database:20.0.4] AndroidManifest.xml:33:17-109
96                android:value="com.google.firebase.components.ComponentRegistrar" />
96-->[com.google.firebase:firebase-database:20.0.4] AndroidManifest.xml:34:17-82
97        </service>
98
99        <provider
99-->[com.google.firebase:firebase-common:20.2.0] AndroidManifest.xml:25:9-30:39
100            android:name="com.google.firebase.provider.FirebaseInitProvider"
100-->[com.google.firebase:firebase-common:20.2.0] AndroidManifest.xml:26:13-77
101            android:authorities="easy.tuto.myquizapplication.firebaseinitprovider"
101-->[com.google.firebase:firebase-common:20.2.0] AndroidManifest.xml:27:13-72
102            android:directBootAware="true"
102-->[com.google.firebase:firebase-common:20.2.0] AndroidManifest.xml:28:13-43
103            android:exported="false"
103-->[com.google.firebase:firebase-common:20.2.0] AndroidManifest.xml:29:13-37
104            android:initOrder="100" />
104-->[com.google.firebase:firebase-common:20.2.0] AndroidManifest.xml:30:13-36
105
106        <activity
106-->[com.google.android.gms:play-services-base:18.0.1] AndroidManifest.xml:20:9-22:45
107            android:name="com.google.android.gms.common.api.GoogleApiActivity"
107-->[com.google.android.gms:play-services-base:18.0.1] AndroidManifest.xml:20:19-85
108            android:exported="false"
108-->[com.google.android.gms:play-services-base:18.0.1] AndroidManifest.xml:22:19-43
109            android:theme="@android:style/Theme.Translucent.NoTitleBar" />
109-->[com.google.android.gms:play-services-base:18.0.1] AndroidManifest.xml:21:19-78
110
111        <meta-data
111-->[com.google.android.gms:play-services-basement:18.1.0] AndroidManifest.xml:21:9-23:69
112            android:name="com.google.android.gms.version"
112-->[com.google.android.gms:play-services-basement:18.1.0] AndroidManifest.xml:22:13-58
113            android:value="@integer/google_play_services_version" />
113-->[com.google.android.gms:play-services-basement:18.1.0] AndroidManifest.xml:23:13-66
114    </application>
115
116</manifest>